<?xml version="1.0" encoding="UTF-8"?>
<!-- Generated by org.testng.reporters.JUnitXMLReporter -->
<testsuite ignored="0" hostname="DESKTOP-6T7DIVD" failures="0" tests="3" name="Default test" time="32.789" errors="0" timestamp="2024-06-23T20:06:52 IST">
  <testcase classname="AutomationProjects.cicdpipeline.TestClass1" name="Test1" time="8.27"/>
  <testcase classname="AutomationProjects.cicdpipeline.TestClass1" name="Test2" time="9.129"/>
  <testcase classname="AutomationProjects.cicdpipeline.TestClass1" name="Test3" time="7.38"/>
</testsuite> <!-- Default test -->
