<?xml version="1.0" encoding="UTF-8"?>
<!-- Generated by org.testng.reporters.JUnitXMLReporter -->
<testsuite ignored="0" hostname="DESKTOP-6T7DIVD" failures="0" tests="3" name="Test" time="33.059" errors="0" timestamp="2024-06-23T20:07:35 IST">
  <testcase classname="AutomationProjects.cicdpipeline.TestClass1" name="Test1" time="8.145"/>
  <testcase classname="AutomationProjects.cicdpipeline.TestClass1" name="Test2" time="7.933"/>
  <testcase classname="AutomationProjects.cicdpipeline.TestClass1" name="Test3" time="8.829"/>
</testsuite> <!-- Test -->
