<?xml version="1.0" encoding="UTF-8"?>
<!-- Generated by org.testng.reporters.JUnitXMLReporter -->
<testsuite ignored="0" hostname="DESKTOP-6T7DIVD" failures="0" tests="3" name="Test" time="37.295" errors="0" timestamp="2024-06-23T20:15:20 IST">
  <testcase classname="AutomationProjects.cicdpipeline.TestClass1" name="Test1" time="9.442"/>
  <testcase classname="AutomationProjects.cicdpipeline.TestClass1" name="Test2" time="8.854"/>
  <testcase classname="AutomationProjects.cicdpipeline.TestClass1" name="Test3" time="9.439"/>
</testsuite> <!-- Test -->
