<?xml version="1.0" encoding="UTF-8"?>
<testng-results ignored="0" total="3" passed="3" failed="0" skipped="0">
  <reporter-output>
  </reporter-output>
  <suite started-at="2024-06-23T20:14:42 IST" name="Suite" finished-at="2024-06-23T20:15:20 IST" duration-ms="37295">
    <groups>
    </groups>
    <test started-at="2024-06-23T20:14:42 IST" name="Test" finished-at="2024-06-23T20:15:20 IST" duration-ms="37295">
      <class name="AutomationProjects.cicdpipeline.TestClass1">
        <test-method is-config="true" signature="launchDriver()[pri:0, instance:AutomationProjects.cicdpipeline.TestClass1@2892d68]" started-at="2024-06-23T20:14:43 IST" name="launchDriver" finished-at="2024-06-23T20:14:47 IST" duration-ms="4209" status="PASS">
          <reporter-output>
          </reporter-output>
        </test-method> <!-- launchDriver -->
        <test-method signature="Test1()[pri:0, instance:AutomationProjects.cicdpipeline.TestClass1@2892d68]" started-at="2024-06-23T20:14:47 IST" name="Test1" finished-at="2024-06-23T20:14:56 IST" duration-ms="9442" status="PASS">
          <reporter-output>
          </reporter-output>
        </test-method> <!-- Test1 -->
        <test-method is-config="true" signature="tearDown()[pri:0, instance:AutomationProjects.cicdpipeline.TestClass1@2892d68]" started-at="2024-06-23T20:14:56 IST" name="tearDown" finished-at="2024-06-23T20:14:57 IST" duration-ms="308" status="PASS">
          <reporter-output>
          </reporter-output>
        </test-method> <!-- tearDown -->
        <test-method is-config="true" signature="launchDriver()[pri:0, instance:AutomationProjects.cicdpipeline.TestClass1@2892d68]" started-at="2024-06-23T20:14:57 IST" name="launchDriver" finished-at="2024-06-23T20:14:59 IST" duration-ms="2386" status="PASS">
          <reporter-output>
          </reporter-output>
        </test-method> <!-- launchDriver -->
        <test-method signature="Test2()[pri:0, instance:AutomationProjects.cicdpipeline.TestClass1@2892d68]" started-at="2024-06-23T20:14:59 IST" name="Test2" finished-at="2024-06-23T20:15:08 IST" duration-ms="8854" status="PASS">
          <reporter-output>
          </reporter-output>
        </test-method> <!-- Test2 -->
        <test-method is-config="true" signature="tearDown()[pri:0, instance:AutomationProjects.cicdpipeline.TestClass1@2892d68]" started-at="2024-06-23T20:15:08 IST" name="tearDown" finished-at="2024-06-23T20:15:08 IST" duration-ms="272" status="PASS">
          <reporter-output>
          </reporter-output>
        </test-method> <!-- tearDown -->
        <test-method is-config="true" signature="launchDriver()[pri:0, instance:AutomationProjects.cicdpipeline.TestClass1@2892d68]" started-at="2024-06-23T20:15:08 IST" name="launchDriver" finished-at="2024-06-23T20:15:10 IST" duration-ms="1951" status="PASS">
          <reporter-output>
          </reporter-output>
        </test-method> <!-- launchDriver -->
        <test-method signature="Test3()[pri:0, instance:AutomationProjects.cicdpipeline.TestClass1@2892d68]" started-at="2024-06-23T20:15:10 IST" name="Test3" finished-at="2024-06-23T20:15:19 IST" duration-ms="9439" status="PASS">
          <reporter-output>
          </reporter-output>
        </test-method> <!-- Test3 -->
        <test-method is-config="true" signature="tearDown()[pri:0, instance:AutomationProjects.cicdpipeline.TestClass1@2892d68]" started-at="2024-06-23T20:15:19 IST" name="tearDown" finished-at="2024-06-23T20:15:20 IST" duration-ms="343" status="PASS">
          <reporter-output>
          </reporter-output>
        </test-method> <!-- tearDown -->
      </class> <!-- AutomationProjects.cicdpipeline.TestClass1 -->
    </test> <!-- Test -->
  </suite> <!-- Suite -->
</testng-results>
