<?xml version="1.0" encoding="UTF-8"?>
<testng-results ignored="0" total="3" passed="3" failed="0" skipped="0">
  <reporter-output>
  </reporter-output>
  <suite started-at="2024-06-23T20:07:02 IST" name="Suite" finished-at="2024-06-23T20:07:35 IST" duration-ms="33059">
    <groups>
    </groups>
    <test started-at="2024-06-23T20:07:02 IST" name="Test" finished-at="2024-06-23T20:07:35 IST" duration-ms="33059">
      <class name="AutomationProjects.cicdpipeline.TestClass1">
        <test-method is-config="true" signature="launchDriver()[pri:0, instance:AutomationProjects.cicdpipeline.TestClass1@18271936]" started-at="2024-06-23T20:07:02 IST" name="launchDriver" finished-at="2024-06-23T20:07:05 IST" duration-ms="3033" status="PASS">
          <reporter-output>
          </reporter-output>
        </test-method> <!-- launchDriver -->
        <test-method signature="Test1()[pri:0, instance:AutomationProjects.cicdpipeline.TestClass1@18271936]" started-at="2024-06-23T20:07:05 IST" name="Test1" finished-at="2024-06-23T20:07:14 IST" duration-ms="8145" status="PASS">
          <reporter-output>
          </reporter-output>
        </test-method> <!-- Test1 -->
        <test-method is-config="true" signature="tearDown()[pri:0, instance:AutomationProjects.cicdpipeline.TestClass1@18271936]" started-at="2024-06-23T20:07:14 IST" name="tearDown" finished-at="2024-06-23T20:07:14 IST" duration-ms="493" status="PASS">
          <reporter-output>
          </reporter-output>
        </test-method> <!-- tearDown -->
        <test-method is-config="true" signature="launchDriver()[pri:0, instance:AutomationProjects.cicdpipeline.TestClass1@18271936]" started-at="2024-06-23T20:07:14 IST" name="launchDriver" finished-at="2024-06-23T20:07:16 IST" duration-ms="1884" status="PASS">
          <reporter-output>
          </reporter-output>
        </test-method> <!-- launchDriver -->
        <test-method signature="Test2()[pri:0, instance:AutomationProjects.cicdpipeline.TestClass1@18271936]" started-at="2024-06-23T20:07:16 IST" name="Test2" finished-at="2024-06-23T20:07:24 IST" duration-ms="7933" status="PASS">
          <reporter-output>
          </reporter-output>
        </test-method> <!-- Test2 -->
        <test-method is-config="true" signature="tearDown()[pri:0, instance:AutomationProjects.cicdpipeline.TestClass1@18271936]" started-at="2024-06-23T20:07:24 IST" name="tearDown" finished-at="2024-06-23T20:07:24 IST" duration-ms="403" status="PASS">
          <reporter-output>
          </reporter-output>
        </test-method> <!-- tearDown -->
        <test-method is-config="true" signature="launchDriver()[pri:0, instance:AutomationProjects.cicdpipeline.TestClass1@18271936]" started-at="2024-06-23T20:07:24 IST" name="launchDriver" finished-at="2024-06-23T20:07:26 IST" duration-ms="1870" status="PASS">
          <reporter-output>
          </reporter-output>
        </test-method> <!-- launchDriver -->
        <test-method signature="Test3()[pri:0, instance:AutomationProjects.cicdpipeline.TestClass1@18271936]" started-at="2024-06-23T20:07:26 IST" name="Test3" finished-at="2024-06-23T20:07:35 IST" duration-ms="8829" status="PASS">
          <reporter-output>
          </reporter-output>
        </test-method> <!-- Test3 -->
        <test-method is-config="true" signature="tearDown()[pri:0, instance:AutomationProjects.cicdpipeline.TestClass1@18271936]" started-at="2024-06-23T20:07:35 IST" name="tearDown" finished-at="2024-06-23T20:07:35 IST" duration-ms="351" status="PASS">
          <reporter-output>
          </reporter-output>
        </test-method> <!-- tearDown -->
      </class> <!-- AutomationProjects.cicdpipeline.TestClass1 -->
    </test> <!-- Test -->
  </suite> <!-- Suite -->
</testng-results>
